<?xml version="1.0" encoding="UTF-8"?>
<!-- Generated by org.testng.reporters.JUnitReportReporter -->
<testsuite skipped="0" hostname="Smi-Dell" name="com.crm.qa.pageTest.loginPageTest" tests="3" failures="0" timestamp="23 Oct 2018 21:00:53 GMT" time="26.586" errors="0">
  <testcase name="validateLoginPageTitleTest" time="6.622" classname="com.crm.qa.pageTest.loginPageTest"/>
  <testcase name="validateCRMLogoImageTest" time="7.491" classname="com.crm.qa.pageTest.loginPageTest"/>
  <testcase name="loginTest" time="12.473" classname="com.crm.qa.pageTest.loginPageTest"/>
</testsuite> <!-- com.crm.qa.pageTest.loginPageTest -->
