<?xml version="1.0" encoding="UTF-8"?>
<!-- Generated by org.testng.reporters.JUnitReportReporter -->
<testsuite skipped="0" hostname="Smi-Dell" name="com.crm.qa.pageTest.calendarPageTest" tests="2" failures="0" timestamp="23 Oct 2018 21:00:53 GMT" time="29.232" errors="0">
  <testcase name="verifyCalenderWidgetTest" time="15.409" classname="com.crm.qa.pageTest.calendarPageTest"/>
  <testcase name="verifyDisplayedCurrentDateTest" time="13.823" classname="com.crm.qa.pageTest.calendarPageTest"/>
</testsuite> <!-- com.crm.qa.pageTest.calendarPageTest -->
