<?xml version="1.0" encoding="UTF-8"?>
<!-- Generated by org.testng.reporters.JUnitReportReporter -->
<testsuite skipped="0" hostname="Smi-Dell" name="com.crm.qa.pageTest.contactsPageTest" tests="9" failures="0" timestamp="23 Oct 2018 21:00:53 GMT" time="141.157" errors="0">
  <testcase name="VerifyNewContactsLabelTest" time="13.478" classname="com.crm.qa.pageTest.contactsPageTest"/>
  <testcase name="addNewContactsTest" time="14.979" classname="com.crm.qa.pageTest.contactsPageTest"/>
  <testcase name="addNewContactsTest" time="16.476" classname="com.crm.qa.pageTest.contactsPageTest"/>
  <testcase name="addNewContactsTest" time="17.541" classname="com.crm.qa.pageTest.contactsPageTest"/>
  <testcase name="addNewContactsTest" time="15.076" classname="com.crm.qa.pageTest.contactsPageTest"/>
  <testcase name="verifySavedContactTest" time="13.560" classname="com.crm.qa.pageTest.contactsPageTest"/>
  <testcase name="verifySavedContactTest" time="15.484" classname="com.crm.qa.pageTest.contactsPageTest"/>
  <testcase name="verifySavedContactTest" time="17.656" classname="com.crm.qa.pageTest.contactsPageTest"/>
  <testcase name="verifySavedContactTest" time="16.907" classname="com.crm.qa.pageTest.contactsPageTest"/>
</testsuite> <!-- com.crm.qa.pageTest.contactsPageTest -->
