<?xml version="1.0" encoding="UTF-8"?>
<!-- Generated by org.testng.reporters.JUnitReportReporter -->
<testsuite skipped="0" hostname="Smi-Dell" name="com.crm.qa.pageTest.homePageTest" tests="8" failures="0" timestamp="23 Oct 2018 21:00:53 GMT" time="120.831" errors="0">
  <testcase name="clickCompanyPageTest" time="14.222" classname="com.crm.qa.pageTest.homePageTest"/>
  <testcase name="clickCasePageTest" time="15.586" classname="com.crm.qa.pageTest.homePageTest"/>
  <testcase name="clickDealsPageTest" time="14.412" classname="com.crm.qa.pageTest.homePageTest"/>
  <testcase name="clickContactPagTest" time="15.810" classname="com.crm.qa.pageTest.homePageTest"/>
  <testcase name="clickCalendarPageTest" time="15.660" classname="com.crm.qa.pageTest.homePageTest"/>
  <testcase name="clickTasksPageTest" time="14.897" classname="com.crm.qa.pageTest.homePageTest"/>
  <testcase name="verifyHomePageTitleTest" time="12.582" classname="com.crm.qa.pageTest.homePageTest"/>
  <testcase name="verifyLoginUserTest" time="17.662" classname="com.crm.qa.pageTest.homePageTest"/>
</testsuite> <!-- com.crm.qa.pageTest.homePageTest -->
