<?xml version="1.0" encoding="UTF-8"?>
<!-- Generated by org.testng.reporters.JUnitReportReporter -->
<testsuite skipped="0" hostname="Smi-Dell" name="com.crm.qa.pageTest.homePageTest" tests="8" failures="0" timestamp="24 Oct 2018 01:06:48 GMT" time="123.989" errors="0">
  <testcase name="clickCalendarPageTest" time="14.952" classname="com.crm.qa.pageTest.homePageTest"/>
  <testcase name="clickContactPagTest" time="13.826" classname="com.crm.qa.pageTest.homePageTest"/>
  <testcase name="clickCompanyPageTest" time="13.444" classname="com.crm.qa.pageTest.homePageTest"/>
  <testcase name="clickCasePageTest" time="17.068" classname="com.crm.qa.pageTest.homePageTest"/>
  <testcase name="clickTasksPageTest" time="17.648" classname="com.crm.qa.pageTest.homePageTest"/>
  <testcase name="clickDealsPageTest" time="14.932" classname="com.crm.qa.pageTest.homePageTest"/>
  <testcase name="verifyHomePageTitleTest" time="17.656" classname="com.crm.qa.pageTest.homePageTest"/>
  <testcase name="verifyLoginUserTest" time="14.463" classname="com.crm.qa.pageTest.homePageTest"/>
</testsuite> <!-- com.crm.qa.pageTest.homePageTest -->
