<?xml version="1.0" encoding="UTF-8"?>
<!-- Generated by org.testng.reporters.JUnitReportReporter -->
<testsuite skipped="0" hostname="Smi-Dell" name="com.crm.qa.pageTest.contactsPageTest" tests="9" failures="0" timestamp="24 Oct 2018 01:06:48 GMT" time="159.060" errors="0">
  <testcase name="VerifyNewContactsLabelTest" time="16.317" classname="com.crm.qa.pageTest.contactsPageTest"/>
  <testcase name="addNewContactsTest" time="19.945" classname="com.crm.qa.pageTest.contactsPageTest"/>
  <testcase name="addNewContactsTest" time="16.800" classname="com.crm.qa.pageTest.contactsPageTest"/>
  <testcase name="addNewContactsTest" time="16.898" classname="com.crm.qa.pageTest.contactsPageTest"/>
  <testcase name="addNewContactsTest" time="19.185" classname="com.crm.qa.pageTest.contactsPageTest"/>
  <testcase name="verifySavedContactTest" time="17.226" classname="com.crm.qa.pageTest.contactsPageTest"/>
  <testcase name="verifySavedContactTest" time="18.154" classname="com.crm.qa.pageTest.contactsPageTest"/>
  <testcase name="verifySavedContactTest" time="17.890" classname="com.crm.qa.pageTest.contactsPageTest"/>
  <testcase name="verifySavedContactTest" time="16.645" classname="com.crm.qa.pageTest.contactsPageTest"/>
</testsuite> <!-- com.crm.qa.pageTest.contactsPageTest -->
