<?xml version="1.0" encoding="UTF-8"?>
<!-- Generated by org.testng.reporters.JUnitReportReporter -->
<testsuite skipped="0" hostname="Smi-Dell" name="com.crm.qa.pageTest.loginPageTest" tests="3" failures="0" timestamp="24 Oct 2018 01:06:48 GMT" time="38.910" errors="0">
  <testcase name="validateLoginPageTitleTest" time="12.022" classname="com.crm.qa.pageTest.loginPageTest"/>
  <testcase name="validateCRMLogoImageTest" time="12.359" classname="com.crm.qa.pageTest.loginPageTest"/>
  <testcase name="loginTest" time="14.529" classname="com.crm.qa.pageTest.loginPageTest"/>
</testsuite> <!-- com.crm.qa.pageTest.loginPageTest -->
